Грамматика

    0 $accept: START $end

    1 START: CODE

    2 CODE: INITS LOOPS EXPR CONDITIONS EXPR EXPR

    3 LOOPS: FCYCLE
    4      | FCYCLE LOOPS
    5      | WCYCLE

    6 CONDITIONS: CONDITION CONDITION CONDITION CONDITION

    7 INITS: INITING
    8      | INITING INITS

    9 INITING: ID EQ NUMBER
   10        | ID EQ TRUE
   11        | ID EQ TEXT
   12        | ID EQ ARRAY

   13 ID: LETTER

   14 TEXT: QUOTE LETTER QUOTE

   15 ARRAY: LBRACK NUMBERS RBRACK

   16 NUMBERS: NUMBER
   17        | NUMBER COMMA NUMBERS

   18 EXPR: ID EQ ID Lterm ID
   19     | ID EQ ID Hterm NUMBER
   20     | ID EQ ID FLOORDIV NUMBER
   21     | ID EQ ID Lterm NUMBER
   22     | ID EQ NUMBER

   23 FCYCLE: FOR ID IN RANGE LPAR NUMBER RPAR COLON FOROPS

   24 FOROPS: ID LBRACK ID RBRACK Lterm EQ ID
   25       | EXPR EXPR EXPR EXPR
   26       | ID EQ NOT ID IF COMPARE COLON EXPR ELSE COLON EXPR

   27 WCYCLE: WHILE COMPARE COLON EXPR

   28 CONDITION: IF COMPARE COLON EXPR
   29          | ELSE COLON EXPR
   30          | ELIF COMPARE COLON EXPR

   31 COMPARE: ID COMP NUMBER
   32        | ID


Терминальные символы с правилами, в которых они появляются

$end (0) 0
error (256)
FOR (258) 23
IF (259) 26 28
ELSE (260) 26 29
ELIF (261) 30
LBRACK (262) 15 24
RBRACK (263) 15 24
LPAR (264) 23
RPAR (265) 23
COMMA (266) 17
QUOTE (267) 14
COLON (268) 23 26 27 28 29 30
IN (269) 23
RANGE (270) 23
NOT (271) 26
TRUE (272) 10
WHILE (273) 27
LETTER (274) 13 14
Lterm (275) 18 21 24
Hterm (276) 19
EQ (277) 9 10 11 12 18 19 20 21 22 24 26
COMP (278) 31
FLOORDIV (279) 20
NUMBER (280) 9 16 17 19 20 21 22 23 31


Нетерминальные символы с правилами, в которых они появляются

$accept (26)
    налево: 0
START (27)
    налево: 1, направо: 0
CODE (28)
    налево: 2, направо: 1
LOOPS (29)
    налево: 3 4 5, направо: 2 4
CONDITIONS (30)
    налево: 6, направо: 2
INITS (31)
    налево: 7 8, направо: 2 8
INITING (32)
    налево: 9 10 11 12, направо: 7 8
ID (33)
    налево: 13, направо: 9 10 11 12 18 19 20 21 22 23 24 26 31 32
TEXT (34)
    налево: 14, направо: 11
ARRAY (35)
    налево: 15, направо: 12
NUMBERS (36)
    налево: 16 17, направо: 15 17
EXPR (37)
    налево: 18 19 20 21 22, направо: 2 25 26 27 28 29 30
FCYCLE (38)
    налево: 23, направо: 3 4
FOROPS (39)
    налево: 24 25 26, направо: 23
WCYCLE (40)
    налево: 27, направо: 5
CONDITION (41)
    налево: 28 29 30, направо: 6
COMPARE (42)
    налево: 31 32, направо: 26 27 28 30


состояние 0

    0 $accept: . START $end

    LETTER  сдвиг, и переход в состояние 1

    START    переход в состояние 2
    CODE     переход в состояние 3
    INITS    переход в состояние 4
    INITING  переход в состояние 5
    ID       переход в состояние 6


состояние 1

   13 ID: LETTER .

    $default  вывод с использованием правила 13 (ID)


состояние 2

    0 $accept: START . $end

    $end  сдвиг, и переход в состояние 7


состояние 3

    1 START: CODE .

    $default  вывод с использованием правила 1 (START)


состояние 4

    2 CODE: INITS . LOOPS EXPR CONDITIONS EXPR EXPR

    FOR    сдвиг, и переход в состояние 8
    WHILE  сдвиг, и переход в состояние 9

    LOOPS   переход в состояние 10
    FCYCLE  переход в состояние 11
    WCYCLE  переход в состояние 12


состояние 5

    7 INITS: INITING .
    8      | INITING . INITS

    LETTER  сдвиг, и переход в состояние 1

    $default  вывод с использованием правила 7 (INITS)

    INITS    переход в состояние 13
    INITING  переход в состояние 5
    ID       переход в состояние 6


состояние 6

    9 INITING: ID . EQ NUMBER
   10        | ID . EQ TRUE
   11        | ID . EQ TEXT
   12        | ID . EQ ARRAY

    EQ  сдвиг, и переход в состояние 14


состояние 7

    0 $accept: START $end .

    $default  accept


состояние 8

   23 FCYCLE: FOR . ID IN RANGE LPAR NUMBER RPAR COLON FOROPS

    LETTER  сдвиг, и переход в состояние 1

    ID  переход в состояние 15


состояние 9

   27 WCYCLE: WHILE . COMPARE COLON EXPR

    LETTER  сдвиг, и переход в состояние 1

    ID       переход в состояние 16
    COMPARE  переход в состояние 17


состояние 10

    2 CODE: INITS LOOPS . EXPR CONDITIONS EXPR EXPR

    LETTER  сдвиг, и переход в состояние 1

    ID    переход в состояние 18
    EXPR  переход в состояние 19


состояние 11

    3 LOOPS: FCYCLE .
    4      | FCYCLE . LOOPS

    FOR    сдвиг, и переход в состояние 8
    WHILE  сдвиг, и переход в состояние 9

    $default  вывод с использованием правила 3 (LOOPS)

    LOOPS   переход в состояние 20
    FCYCLE  переход в состояние 11
    WCYCLE  переход в состояние 12


состояние 12

    5 LOOPS: WCYCLE .

    $default  вывод с использованием правила 5 (LOOPS)


состояние 13

    8 INITS: INITING INITS .

    $default  вывод с использованием правила 8 (INITS)


состояние 14

    9 INITING: ID EQ . NUMBER
   10        | ID EQ . TRUE
   11        | ID EQ . TEXT
   12        | ID EQ . ARRAY

    LBRACK  сдвиг, и переход в состояние 21
    QUOTE   сдвиг, и переход в состояние 22
    TRUE    сдвиг, и переход в состояние 23
    NUMBER  сдвиг, и переход в состояние 24

    TEXT   переход в состояние 25
    ARRAY  переход в состояние 26


состояние 15

   23 FCYCLE: FOR ID . IN RANGE LPAR NUMBER RPAR COLON FOROPS

    IN  сдвиг, и переход в состояние 27


состояние 16

   31 COMPARE: ID . COMP NUMBER
   32        | ID .

    COMP  сдвиг, и переход в состояние 28

    $default  вывод с использованием правила 32 (COMPARE)


состояние 17

   27 WCYCLE: WHILE COMPARE . COLON EXPR

    COLON  сдвиг, и переход в состояние 29


состояние 18

   18 EXPR: ID . EQ ID Lterm ID
   19     | ID . EQ ID Hterm NUMBER
   20     | ID . EQ ID FLOORDIV NUMBER
   21     | ID . EQ ID Lterm NUMBER
   22     | ID . EQ NUMBER

    EQ  сдвиг, и переход в состояние 30


состояние 19

    2 CODE: INITS LOOPS EXPR . CONDITIONS EXPR EXPR

    IF    сдвиг, и переход в состояние 31
    ELSE  сдвиг, и переход в состояние 32
    ELIF  сдвиг, и переход в состояние 33

    CONDITIONS  переход в состояние 34
    CONDITION   переход в состояние 35


состояние 20

    4 LOOPS: FCYCLE LOOPS .

    $default  вывод с использованием правила 4 (LOOPS)


состояние 21

   15 ARRAY: LBRACK . NUMBERS RBRACK

    NUMBER  сдвиг, и переход в состояние 36

    NUMBERS  переход в состояние 37


состояние 22

   14 TEXT: QUOTE . LETTER QUOTE

    LETTER  сдвиг, и переход в состояние 38


состояние 23

   10 INITING: ID EQ TRUE .

    $default  вывод с использованием правила 10 (INITING)


состояние 24

    9 INITING: ID EQ NUMBER .

    $default  вывод с использованием правила 9 (INITING)


состояние 25

   11 INITING: ID EQ TEXT .

    $default  вывод с использованием правила 11 (INITING)


состояние 26

   12 INITING: ID EQ ARRAY .

    $default  вывод с использованием правила 12 (INITING)


состояние 27

   23 FCYCLE: FOR ID IN . RANGE LPAR NUMBER RPAR COLON FOROPS

    RANGE  сдвиг, и переход в состояние 39


состояние 28

   31 COMPARE: ID COMP . NUMBER

    NUMBER  сдвиг, и переход в состояние 40


состояние 29

   27 WCYCLE: WHILE COMPARE COLON . EXPR

    LETTER  сдвиг, и переход в состояние 1

    ID    переход в состояние 18
    EXPR  переход в состояние 41


состояние 30

   18 EXPR: ID EQ . ID Lterm ID
   19     | ID EQ . ID Hterm NUMBER
   20     | ID EQ . ID FLOORDIV NUMBER
   21     | ID EQ . ID Lterm NUMBER
   22     | ID EQ . NUMBER

    LETTER  сдвиг, и переход в состояние 1
    NUMBER  сдвиг, и переход в состояние 42

    ID  переход в состояние 43


состояние 31

   28 CONDITION: IF . COMPARE COLON EXPR

    LETTER  сдвиг, и переход в состояние 1

    ID       переход в состояние 16
    COMPARE  переход в состояние 44


состояние 32

   29 CONDITION: ELSE . COLON EXPR

    COLON  сдвиг, и переход в состояние 45


состояние 33

   30 CONDITION: ELIF . COMPARE COLON EXPR

    LETTER  сдвиг, и переход в состояние 1

    ID       переход в состояние 16
    COMPARE  переход в состояние 46


состояние 34

    2 CODE: INITS LOOPS EXPR CONDITIONS . EXPR EXPR

    LETTER  сдвиг, и переход в состояние 1

    ID    переход в состояние 18
    EXPR  переход в состояние 47


состояние 35

    6 CONDITIONS: CONDITION . CONDITION CONDITION CONDITION

    IF    сдвиг, и переход в состояние 31
    ELSE  сдвиг, и переход в состояние 32
    ELIF  сдвиг, и переход в состояние 33

    CONDITION  переход в состояние 48


состояние 36

   16 NUMBERS: NUMBER .
   17        | NUMBER . COMMA NUMBERS

    COMMA  сдвиг, и переход в состояние 49

    $default  вывод с использованием правила 16 (NUMBERS)


состояние 37

   15 ARRAY: LBRACK NUMBERS . RBRACK

    RBRACK  сдвиг, и переход в состояние 50


состояние 38

   14 TEXT: QUOTE LETTER . QUOTE

    QUOTE  сдвиг, и переход в состояние 51


состояние 39

   23 FCYCLE: FOR ID IN RANGE . LPAR NUMBER RPAR COLON FOROPS

    LPAR  сдвиг, и переход в состояние 52


состояние 40

   31 COMPARE: ID COMP NUMBER .

    $default  вывод с использованием правила 31 (COMPARE)


состояние 41

   27 WCYCLE: WHILE COMPARE COLON EXPR .

    $default  вывод с использованием правила 27 (WCYCLE)


состояние 42

   22 EXPR: ID EQ NUMBER .

    $default  вывод с использованием правила 22 (EXPR)


состояние 43

   18 EXPR: ID EQ ID . Lterm ID
   19     | ID EQ ID . Hterm NUMBER
   20     | ID EQ ID . FLOORDIV NUMBER
   21     | ID EQ ID . Lterm NUMBER

    Lterm     сдвиг, и переход в состояние 53
    Hterm     сдвиг, и переход в состояние 54
    FLOORDIV  сдвиг, и переход в состояние 55


состояние 44

   28 CONDITION: IF COMPARE . COLON EXPR

    COLON  сдвиг, и переход в состояние 56


состояние 45

   29 CONDITION: ELSE COLON . EXPR

    LETTER  сдвиг, и переход в состояние 1

    ID    переход в состояние 18
    EXPR  переход в состояние 57


состояние 46

   30 CONDITION: ELIF COMPARE . COLON EXPR

    COLON  сдвиг, и переход в состояние 58


состояние 47

    2 CODE: INITS LOOPS EXPR CONDITIONS EXPR . EXPR

    LETTER  сдвиг, и переход в состояние 1

    ID    переход в состояние 18
    EXPR  переход в состояние 59


состояние 48

    6 CONDITIONS: CONDITION CONDITION . CONDITION CONDITION

    IF    сдвиг, и переход в состояние 31
    ELSE  сдвиг, и переход в состояние 32
    ELIF  сдвиг, и переход в состояние 33

    CONDITION  переход в состояние 60


состояние 49

   17 NUMBERS: NUMBER COMMA . NUMBERS

    NUMBER  сдвиг, и переход в состояние 36

    NUMBERS  переход в состояние 61


состояние 50

   15 ARRAY: LBRACK NUMBERS RBRACK .

    $default  вывод с использованием правила 15 (ARRAY)


состояние 51

   14 TEXT: QUOTE LETTER QUOTE .

    $default  вывод с использованием правила 14 (TEXT)


состояние 52

   23 FCYCLE: FOR ID IN RANGE LPAR . NUMBER RPAR COLON FOROPS

    NUMBER  сдвиг, и переход в состояние 62


состояние 53

   18 EXPR: ID EQ ID Lterm . ID
   21     | ID EQ ID Lterm . NUMBER

    LETTER  сдвиг, и переход в состояние 1
    NUMBER  сдвиг, и переход в состояние 63

    ID  переход в состояние 64


состояние 54

   19 EXPR: ID EQ ID Hterm . NUMBER

    NUMBER  сдвиг, и переход в состояние 65


состояние 55

   20 EXPR: ID EQ ID FLOORDIV . NUMBER

    NUMBER  сдвиг, и переход в состояние 66


состояние 56

   28 CONDITION: IF COMPARE COLON . EXPR

    LETTER  сдвиг, и переход в состояние 1

    ID    переход в состояние 18
    EXPR  переход в состояние 67


состояние 57

   29 CONDITION: ELSE COLON EXPR .

    $default  вывод с использованием правила 29 (CONDITION)


состояние 58

   30 CONDITION: ELIF COMPARE COLON . EXPR

    LETTER  сдвиг, и переход в состояние 1

    ID    переход в состояние 18
    EXPR  переход в состояние 68


состояние 59

    2 CODE: INITS LOOPS EXPR CONDITIONS EXPR EXPR .

    $default  вывод с использованием правила 2 (CODE)


состояние 60

    6 CONDITIONS: CONDITION CONDITION CONDITION . CONDITION

    IF    сдвиг, и переход в состояние 31
    ELSE  сдвиг, и переход в состояние 32
    ELIF  сдвиг, и переход в состояние 33

    CONDITION  переход в состояние 69


состояние 61

   17 NUMBERS: NUMBER COMMA NUMBERS .

    $default  вывод с использованием правила 17 (NUMBERS)


состояние 62

   23 FCYCLE: FOR ID IN RANGE LPAR NUMBER . RPAR COLON FOROPS

    RPAR  сдвиг, и переход в состояние 70


состояние 63

   21 EXPR: ID EQ ID Lterm NUMBER .

    $default  вывод с использованием правила 21 (EXPR)


состояние 64

   18 EXPR: ID EQ ID Lterm ID .

    $default  вывод с использованием правила 18 (EXPR)


состояние 65

   19 EXPR: ID EQ ID Hterm NUMBER .

    $default  вывод с использованием правила 19 (EXPR)


состояние 66

   20 EXPR: ID EQ ID FLOORDIV NUMBER .

    $default  вывод с использованием правила 20 (EXPR)


состояние 67

   28 CONDITION: IF COMPARE COLON EXPR .

    $default  вывод с использованием правила 28 (CONDITION)


состояние 68

   30 CONDITION: ELIF COMPARE COLON EXPR .

    $default  вывод с использованием правила 30 (CONDITION)


состояние 69

    6 CONDITIONS: CONDITION CONDITION CONDITION CONDITION .

    $default  вывод с использованием правила 6 (CONDITIONS)


состояние 70

   23 FCYCLE: FOR ID IN RANGE LPAR NUMBER RPAR . COLON FOROPS

    COLON  сдвиг, и переход в состояние 71


состояние 71

   23 FCYCLE: FOR ID IN RANGE LPAR NUMBER RPAR COLON . FOROPS

    LETTER  сдвиг, и переход в состояние 1

    ID      переход в состояние 72
    EXPR    переход в состояние 73
    FOROPS  переход в состояние 74


состояние 72

   18 EXPR: ID . EQ ID Lterm ID
   19     | ID . EQ ID Hterm NUMBER
   20     | ID . EQ ID FLOORDIV NUMBER
   21     | ID . EQ ID Lterm NUMBER
   22     | ID . EQ NUMBER
   24 FOROPS: ID . LBRACK ID RBRACK Lterm EQ ID
   26       | ID . EQ NOT ID IF COMPARE COLON EXPR ELSE COLON EXPR

    LBRACK  сдвиг, и переход в состояние 75
    EQ      сдвиг, и переход в состояние 76


состояние 73

   25 FOROPS: EXPR . EXPR EXPR EXPR

    LETTER  сдвиг, и переход в состояние 1

    ID    переход в состояние 18
    EXPR  переход в состояние 77


состояние 74

   23 FCYCLE: FOR ID IN RANGE LPAR NUMBER RPAR COLON FOROPS .

    $default  вывод с использованием правила 23 (FCYCLE)


состояние 75

   24 FOROPS: ID LBRACK . ID RBRACK Lterm EQ ID

    LETTER  сдвиг, и переход в состояние 1

    ID  переход в состояние 78


состояние 76

   18 EXPR: ID EQ . ID Lterm ID
   19     | ID EQ . ID Hterm NUMBER
   20     | ID EQ . ID FLOORDIV NUMBER
   21     | ID EQ . ID Lterm NUMBER
   22     | ID EQ . NUMBER
   26 FOROPS: ID EQ . NOT ID IF COMPARE COLON EXPR ELSE COLON EXPR

    NOT     сдвиг, и переход в состояние 79
    LETTER  сдвиг, и переход в состояние 1
    NUMBER  сдвиг, и переход в состояние 42

    ID  переход в состояние 43


состояние 77

   25 FOROPS: EXPR EXPR . EXPR EXPR

    LETTER  сдвиг, и переход в состояние 1

    ID    переход в состояние 18
    EXPR  переход в состояние 80


состояние 78

   24 FOROPS: ID LBRACK ID . RBRACK Lterm EQ ID

    RBRACK  сдвиг, и переход в состояние 81


состояние 79

   26 FOROPS: ID EQ NOT . ID IF COMPARE COLON EXPR ELSE COLON EXPR

    LETTER  сдвиг, и переход в состояние 1

    ID  переход в состояние 82


состояние 80

   25 FOROPS: EXPR EXPR EXPR . EXPR

    LETTER  сдвиг, и переход в состояние 1

    ID    переход в состояние 18
    EXPR  переход в состояние 83


состояние 81

   24 FOROPS: ID LBRACK ID RBRACK . Lterm EQ ID

    Lterm  сдвиг, и переход в состояние 84


состояние 82

   26 FOROPS: ID EQ NOT ID . IF COMPARE COLON EXPR ELSE COLON EXPR

    IF  сдвиг, и переход в состояние 85


состояние 83

   25 FOROPS: EXPR EXPR EXPR EXPR .

    $default  вывод с использованием правила 25 (FOROPS)


состояние 84

   24 FOROPS: ID LBRACK ID RBRACK Lterm . EQ ID

    EQ  сдвиг, и переход в состояние 86


состояние 85

   26 FOROPS: ID EQ NOT ID IF . COMPARE COLON EXPR ELSE COLON EXPR

    LETTER  сдвиг, и переход в состояние 1

    ID       переход в состояние 16
    COMPARE  переход в состояние 87


состояние 86

   24 FOROPS: ID LBRACK ID RBRACK Lterm EQ . ID

    LETTER  сдвиг, и переход в состояние 1

    ID  переход в состояние 88


состояние 87

   26 FOROPS: ID EQ NOT ID IF COMPARE . COLON EXPR ELSE COLON EXPR

    COLON  сдвиг, и переход в состояние 89


состояние 88

   24 FOROPS: ID LBRACK ID RBRACK Lterm EQ ID .

    $default  вывод с использованием правила 24 (FOROPS)


состояние 89

   26 FOROPS: ID EQ NOT ID IF COMPARE COLON . EXPR ELSE COLON EXPR

    LETTER  сдвиг, и переход в состояние 1

    ID    переход в состояние 18
    EXPR  переход в состояние 90


состояние 90

   26 FOROPS: ID EQ NOT ID IF COMPARE COLON EXPR . ELSE COLON EXPR

    ELSE  сдвиг, и переход в состояние 91


состояние 91

   26 FOROPS: ID EQ NOT ID IF COMPARE COLON EXPR ELSE . COLON EXPR

    COLON  сдвиг, и переход в состояние 92


состояние 92

   26 FOROPS: ID EQ NOT ID IF COMPARE COLON EXPR ELSE COLON . EXPR

    LETTER  сдвиг, и переход в состояние 1

    ID    переход в состояние 18
    EXPR  переход в состояние 93


состояние 93

   26 FOROPS: ID EQ NOT ID IF COMPARE COLON EXPR ELSE COLON EXPR .

    $default  вывод с использованием правила 26 (FOROPS)
